<?xml version="1.0" encoding="UTF-8"?>
<testsuite name="com.appd.engg.demo.HelloworldTest" tests="1" skipped="0" failures="0" errors="0" timestamp="2016-08-02T11:38:54" hostname="osxltmagar.local" time="0.001">
  <properties/>
  <testcase name="test_myTestMethod" classname="com.appd.engg.demo.HelloworldTest" time="0.001"/>
  <system-out><![CDATA[]]></system-out>
  <system-err><![CDATA[]]></system-err>
</testsuite>
