<?xml version="1.0" encoding="UTF-8"?>
<testsuite name="com.appdynamics.engg.ParkingLotTest" tests="2" skipped="0" failures="0" errors="0" timestamp="2016-08-02T11:38:54" hostname="osxltmagar.local" time="0.002">
  <properties/>
  <testcase name="checkOutTest" classname="com.appdynamics.engg.ParkingLotTest" time="0.0"/>
  <testcase name="checkInTest" classname="com.appdynamics.engg.ParkingLotTest" time="0.002"/>
  <system-out><![CDATA[]]></system-out>
  <system-err><![CDATA[]]></system-err>
</testsuite>
